#
# A fatal error has been detected by the Java Runtime Environment:
#
#  SIGBUS (0x7) at pc=0x6dd53a1b, pid=5946, tid=1761999680
#
# JRE version: Java(TM) SE Runtime Environment (7.0_51-b13) (build 1.7.0_51-b13)
# Java VM: Java HotSpot(TM) Server VM (24.51-b03 mixed mode linux-x86 )
# Problematic frame:
# 
[error occurred during error reporting (printing problematic frame), id 0x7]

# Failed to write core dump. Core dumps have been disabled. To enable core dumping, try "ulimit -c unlimited" before starting Java again
#
# If you would like to submit a bug report, please visit:
#   http://bugreport.sun.com/bugreport/crash.jsp
# The crash happened outside the Java Virtual Machine in native code.
# See problematic frame for where to report the bug.
#

---------------  T H R E A D  ---------------

Current thread (0x68f24000):  JavaThread "LWJGL Application" [_thread_in_native, id=5969, stack(0x6900f000,0x69060000)]

siginfo:si_signo=SIGBUS: si_errno=0, si_code=2 (BUS_ADRERR), si_addr=0x6dd53a1b

Registers:
EAX=0x0000002d, EBX=0x6dd5cff4, ECX=0x6e900024, EDX=0x00000000
ESP=0x6905ec20, EBP=0x6905ec38, ESI=0x721d30f4, EDI=0x68f24000
EIP=0x6dd53a1b, EFLAGS=0x00210202, CR2=0x6dd53a1b

Top of Stack: (sp=0x6905ec20)
0x6905ec20:   6e9e93e0 04e00003 6905ec48 721af470
0x6905ec30:   00000000 721d30f8 6905ec74 b36b04d0
0x6905ec40:   68f24130 6905ec7c 6905ec84 00000001
0x6905ec50:   00000000 6905ec54 00000000 6905ec84
0x6905ec60:   721d3c58 00000000 721d30f8 00000000
0x6905ec70:   6905ec84 6905ecb0 b36a8387 9f400ec0
0x6905ec80:   b36adb59 9f3b2690 00000003 9f400f38
0x6905ec90:   6905ec88 721d2fc2 6905ecd4 721d3c58 

Instructions: (pc=0x6dd53a1b)
0x6dd539fb:   
[error occurred during error reporting (printing registers, top of stack, instructions near pc), id 0x7]

Register to memory mapping:

EAX=0x0000002d is an unknown value
EBX=
[error occurred during error reporting (printing register info), id 0x7]

Stack: [0x6900f000,0x69060000],  sp=0x6905ec20,  free space=319k
Native frames: (J=compiled Java code, j=interpreted, Vv=VM code, C=native code)

[error occurred during error reporting (printing native stack), id 0x7]

Java frames: (J=compiled Java code, j=interpreted, Vv=VM code)
j  org.lwjgl.opengl.LinuxContextImplementation.nSwapBuffers(Ljava/nio/ByteBuffer;)V+0
j  org.lwjgl.opengl.LinuxContextImplementation.swapBuffers()V+38
j  org.lwjgl.opengl.ContextGL.swapBuffers()V+3
j  org.lwjgl.opengl.DrawableGL.swapBuffers()V+0
j  org.lwjgl.opengl.Display.swapBuffers()V+39
j  org.lwjgl.opengl.Display.update(Z)V+44
j  com.badlogic.gdx.backends.lwjgl.LwjglApplication.mainLoop()V+648
j  com.badlogic.gdx.backends.lwjgl.LwjglApplication$1.run()V+27
v  ~StubRoutines::call_stub

---------------  P R O C E S S  ---------------

Java Threads: ( => current thread )
  0x71505c00 JavaThread "pool-2-thread-1" [_thread_blocked, id=5976, stack(0x67521000,0x67572000)]
  0x6726d400 JavaThread "Client" daemon [_thread_in_native, id=5975, stack(0x67916000,0x67967000)]
  0x6e9f9000 JavaThread "process reaper" daemon [_thread_blocked, id=5971, stack(0x68ee7000,0x68f00000)]
  0xb6707800 JavaThread "DestroyJavaVM" [_thread_blocked, id=5951, stack(0xb6836000,0xb6887000)]
=>0x68f24000 JavaThread "LWJGL Application" [_thread_in_native, id=5969, stack(0x6900f000,0x69060000)]
  0x6e288400 JavaThread "AWT-XAWT" daemon [_thread_in_native, id=5965, stack(0x6dd5e000,0x6ddaf000)]
  0x6e274c00 JavaThread "Java2D Disposer" daemon [_thread_blocked, id=5964, stack(0x6ddaf000,0x6de00000)]
  0x6eb99800 JavaThread "Service Thread" daemon [_thread_blocked, id=5962, stack(0x6e82e000,0x6e87f000)]
  0x6eb97c00 JavaThread "C2 CompilerThread1" daemon [_thread_blocked, id=5961, stack(0x6e47f000,0x6e500000)]
  0x6eb95c00 JavaThread "C2 CompilerThread0" daemon [_thread_blocked, id=5960, stack(0x6e87f000,0x6e900000)]
  0x6eb94400 JavaThread "Signal Dispatcher" daemon [_thread_blocked, id=5959, stack(0x6ea2e000,0x6ea7f000)]
  0x6eb84800 JavaThread "Finalizer" daemon [_thread_blocked, id=5958, stack(0x6ec1a000,0x6ec6b000)]
  0x6eb82000 JavaThread "Reference Handler" daemon [_thread_blocked, id=5957, stack(0x7142e000,0x7147f000)]

Other Threads:
  0x6eb80400 VMThread [stack: 0x6ea7f000,0x6eb00000] [id=5956]
  0x6eba3800 WatcherThread [stack: 0x6e3fe000,0x6e47f000] [id=5963]

VM state:not at safepoint (normal execution)

VM Mutex/Monitor currently owned by a thread: None

Heap
 PSYoungGen      total 18432K, used 15256K [0x9edc0000, 0xa0240000, 0xb35c0000)
  eden space 15872K, 96% used [0x9edc0000,0x9fca6260,0x9fd40000)
  from space 2560K, 0% used [0x9ffc0000,0x9ffc0000,0xa0240000)
  to   space 2560K, 0% used [0x9fd40000,0x9fd40000,0x9ffc0000)
 ParOldGen       total 41984K, used 0K [0x75dc0000, 0x786c0000, 0x9edc0000)
  object space 41984K, 0% used [0x75dc0000,0x75dc0000,0x786c0000)
 PSPermGen       total 16384K, used 6034K [0x71dc0000, 0x72dc0000, 0x75dc0000)
  object space 16384K, 36% used [0x71dc0000,0x723a4a38,0x72dc0000)

Card table byte_map: [0x71bb3000,0x71dc0000] byte_map_base: 0x71824200

Polling page: 0xb7794000

Code Cache  [0xb36a5000, 0xb38e5000, 0xb66a5000)
 total_blobs=322 nmethods=43 adapters=233 free_code_cache=48724Kb largest_free_block=49879232

Compilation events (10 events):
Event: 0.821 Thread 0x6eb97c00 nmethod 39 0xb370cb88 code [0xb370cca0, 0xb370cfd0]
Event: 0.821 Thread 0x6eb97c00   40             java.util.StringTokenizer::skipDelimiters (116 bytes)
Event: 0.822 Thread 0x6eb95c00 nmethod 38 0xb370dc88 code [0xb370de00, 0xb370e1c0]
Event: 0.822 Thread 0x6eb95c00   41             java.lang.CharacterData::of (120 bytes)
Event: 0.822 Thread 0x6eb95c00 nmethod 41 0xb370e608 code [0xb370e700, 0xb370e7d0]
Event: 0.822 Thread 0x6eb95c00   42             java.lang.CharacterDataLatin1::getProperties (11 bytes)
Event: 0.823 Thread 0x6eb95c00 nmethod 42 0xb370ea08 code [0xb370eb00, 0xb370eb70]
Event: 0.828 Thread 0x6eb97c00 nmethod 40 0xb370d588 code [0xb370d6c0, 0xb370d990]
Event: 0.835 Thread 0x6eb95c00   43             org.lwjgl.opengl.Sync$RunningAvg::avg (37 bytes)
Event: 0.838 Thread 0x6eb95c00 nmethod 43 0xb370d208 code [0xb370d300, 0xb370d450]

GC Heap History (0 events):
No events

Deoptimization events (0 events):
No events

Internal exceptions (10 events):
Event: 0.794 Thread 0x68f24000 Threw 0x9fc30768 at /HUDSON/workspace/7u-2-build-linux-i586/jdk7u51/527/hotspot/src/share/vm/prims/jvm.cpp:1244
Event: 0.796 Thread 0x68f24000 Threw 0x9fc3da08 at /HUDSON/workspace/7u-2-build-linux-i586/jdk7u51/527/hotspot/src/share/vm/prims/jvm.cpp:1244
Event: 0.796 Thread 0x68f24000 Threw 0x9fc41868 at /HUDSON/workspace/7u-2-build-linux-i586/jdk7u51/527/hotspot/src/share/vm/prims/jvm.cpp:1244
Event: 0.797 Thread 0x68f24000 Threw 0x9fc46638 at /HUDSON/workspace/7u-2-build-linux-i586/jdk7u51/527/hotspot/src/share/vm/prims/jvm.cpp:1244
Event: 0.798 Thread 0x68f24000 Threw 0x9fc4b4b8 at /HUDSON/workspace/7u-2-build-linux-i586/jdk7u51/527/hotspot/src/share/vm/prims/jvm.cpp:1244
Event: 0.799 Thread 0x68f24000 Threw 0x9fc52000 at /HUDSON/workspace/7u-2-build-linux-i586/jdk7u51/527/hotspot/src/share/vm/prims/jvm.cpp:1244
Event: 0.800 Thread 0x68f24000 Threw 0x9fc599a0 at /HUDSON/workspace/7u-2-build-linux-i586/jdk7u51/527/hotspot/src/share/vm/prims/jvm.cpp:1244
Event: 0.801 Thread 0x68f24000 Threw 0x9fc5f6d8 at /HUDSON/workspace/7u-2-build-linux-i586/jdk7u51/527/hotspot/src/share/vm/prims/jvm.cpp:1244
Event: 1.233 Thread 0x68f24000 Threw 0x9fc66708 at /HUDSON/workspace/7u-2-build-linux-i586/jdk7u51/527/hotspot/src/share/vm/prims/jvm.cpp:1244
Event: 1.234 Thread 0x68f24000 Threw 0x9fc6a9a8 at /HUDSON/workspace/7u-2-build-linux-i586/jdk7u51/527/hotspot/src/share/vm/prims/jvm.cpp:1244

Events (10 events):
Event: 0.800 loading class 0x66f6edc8
Event: 0.800 loading class 0x66f6edc8 done
Event: 0.801 loading class 0x66f60e00
Event: 0.801 loading class 0x66f60e00 done
Event: 1.233 loading class 0x6ebcd060
Event: 1.233 loading class 0x6ebcd060 done
Event: 1.234 loading class 0x6ebcd120
Event: 1.234 loading class 0x6ebcd120 done
Event: 1.235 loading class 0x71745c48
Event: 1.235 loading class 0x71745c48 done


Dynamic libraries:
08048000-08049000 r-xp 00000000 08:05 438812     /usr/lib/jvm/java-7-oracle/bin/java
08049000-0804a000 rw-p 00000000 08:05 438812     /usr/lib/jvm/java-7-oracle/bin/java
08cde000-08cff000 rw-p 00000000 00:00 0          [heap]
66d00000-66da0000 rw-p 00000000 00:00 0 
66da0000-66e00000 ---p 00000000 00:00 0 
66e00000-66e59000 rw-p 00000000 00:00 0 
66e59000-66f00000 ---p 00000000 00:00 0 
66f00000-66fee000 rw-p 00000000 00:00 0 
66fee000-67000000 ---p 00000000 00:00 0 
67080000-67200000 rw-s 19bd4000 00:05 1837       /dev/dri/card0
67200000-672fc000 rw-p 00000000 00:00 0 
672fc000-67300000 ---p 00000000 00:00 0 
673c8000-67400000 rw-s 19d6c000 00:05 1837       /dev/dri/card0
67400000-674eb000 rw-p 00000000 00:00 0 
674eb000-67500000 ---p 00000000 00:00 0 
67521000-67524000 ---p 00000000 00:00 0 
67524000-67800000 rw-p 00000000 00:00 0          [stack:5976]
67800000-67900000 rw-p 00000000 00:00 0 
67916000-67919000 ---p 00000000 00:00 0 
67919000-6882c000 rw-p 00000000 00:00 0          [stack:5975]
6882c000-68866000 rw-p 00000000 00:00 0 
68892000-688a0000 r-xp 00000000 08:05 439380     /usr/lib/jvm/java-7-oracle/jre/lib/i386/libnio.so
688a0000-688a1000 rw-p 0000e000 08:05 439380     /usr/lib/jvm/java-7-oracle/jre/lib/i386/libnio.so
688a1000-688b6000 r-xp 00000000 08:05 439352     /usr/lib/jvm/java-7-oracle/jre/lib/i386/libnet.so
688b6000-688b7000 rw-p 00014000 08:05 439352     /usr/lib/jvm/java-7-oracle/jre/lib/i386/libnet.so
688b7000-688c3000 rw-s 19d60000 00:05 1837       /dev/dri/card0
688c3000-688cf000 rw-s 19d54000 00:05 1837       /dev/dri/card0
688cf000-688d7000 rw-s 00000000 00:04 121333     /drm mm object (deleted)
688d7000-68909000 r-xp 00000000 08:05 396974     /usr/lib/i386-linux-gnu/libtxc_dxtn_s2tc.so.0.0.0
68909000-6890a000 r--p 00031000 08:05 396974     /usr/lib/i386-linux-gnu/libtxc_dxtn_s2tc.so.0.0.0
6890a000-6890b000 rw-p 00032000 08:05 396974     /usr/lib/i386-linux-gnu/libtxc_dxtn_s2tc.so.0.0.0
6890b000-6891f000 r-xp 00000000 08:05 131860     /lib/i386-linux-gnu/libz.so.1.2.3.4
6891f000-68920000 r--p 00013000 08:05 131860     /lib/i386-linux-gnu/libz.so.1.2.3.4
68920000-68921000 rw-p 00014000 08:05 131860     /lib/i386-linux-gnu/libz.so.1.2.3.4
68921000-68942000 r-xp 00000000 08:05 396569     /usr/lib/i386-linux-gnu/libdrm_intel.so.1.0.0
68942000-68943000 r--p 00020000 08:05 396569     /usr/lib/i386-linux-gnu/libdrm_intel.so.1.0.0
68943000-68944000 rw-p 00021000 08:05 396569     /usr/lib/i386-linux-gnu/libdrm_intel.so.1.0.0
68944000-6896a000 r-xp 00000000 08:05 131767     /lib/i386-linux-gnu/libexpat.so.1.5.2
6896a000-6896b000 ---p 00026000 08:05 131767     /lib/i386-linux-gnu/libexpat.so.1.5.2
6896b000-6896d000 r--p 00026000 08:05 131767     /lib/i386-linux-gnu/libexpat.so.1.5.2
6896d000-6896e000 rw-p 00028000 08:05 131767     /lib/i386-linux-gnu/libexpat.so.1.5.2
6896e000-68d3b000 r-xp 00000000 08:05 396565     /usr/lib/i386-linux-gnu/libdricore9.2.1.so.1.0.0
68d3b000-68d44000 r--p 003cd000 08:05 396565     /usr/lib/i386-linux-gnu/libdricore9.2.1.so.1.0.0
68d44000-68d4a000 rw-p 003d6000 08:05 396565     /usr/lib/i386-linux-gnu/libdricore9.2.1.so.1.0.0
68d4a000-68d5f000 rw-p 00000000 00:00 0 
68d5f000-68e4b000 r-xp 00000000 08:05 397065     /usr/lib/i386-linux-gnu/dri/i965_dri.so
68e4b000-68e4d000 r--p 000ec000 08:05 397065     /usr/lib/i386-linux-gnu/dri/i965_dri.so
68e4d000-68e4e000 rw-p 000ee000 08:05 397065     /usr/lib/i386-linux-gnu/dri/i965_dri.so
68e4e000-68e4f000 rw-p 00000000 00:00 0 
68e4f000-68e65000 r-xp 00000000 08:05 397009     /usr/lib/i386-linux-gnu/libxcb-glx.so.0.0.0
68e65000-68e66000 r--p 00016000 08:05 397009     /usr/lib/i386-linux-gnu/libxcb-glx.so.0.0.0
68e66000-68e67000 rw-p 00017000 08:05 397009     /usr/lib/i386-linux-gnu/libxcb-glx.so.0.0.0
68e67000-68e76000 r-xp 00000000 08:05 396646     /usr/lib/i386-linux-gnu/libglapi.so.0.0.0
68e76000-68e78000 r--p 0000f000 08:05 396646     /usr/lib/i386-linux-gnu/libglapi.so.0.0.0
68e78000-68e7d000 rwxp 00011000 08:05 396646     /usr/lib/i386-linux-gnu/libglapi.so.0.0.0
68e7d000-68ed0000 r-xp 00000000 08:05 397695     /usr/lib/i386-linux-gnu/mesa/libGL.so.1.2.0
68ed0000-68ed2000 r--p 00052000 08:05 397695     /usr/lib/i386-linux-gnu/mesa/libGL.so.1.2.0
68ed2000-68ed7000 rwxp 00054000 08:05 397695     /usr/lib/i386-linux-gnu/mesa/libGL.so.1.2.0
68ed7000-68edf000 rw-s 00000000 00:04 121332     /drm mm object (deleted)
68edf000-68ee7000 rw-s 00000000 00:04 121987     /drm mm object (deleted)
68ee7000-68eea000 ---p 00000000 00:00 0 
68eea000-68f00000 rw-p 00000000 00:00 0          [stack:5971]
68f00000-68f2a000 rw-p 00000000 00:00 0 
68f2a000-69000000 ---p 00000000 00:00 0 
69002000-6900d000 r-xp 00000000 08:05 396567     /usr/lib/i386-linux-gnu/libdrm.so.2.4.0
6900d000-6900e000 r--p 0000a000 08:05 396567     /usr/lib/i386-linux-gnu/libdrm.so.2.4.0
6900e000-6900f000 rw-p 0000b000 08:05 396567     /usr/lib/i386-linux-gnu/libdrm.so.2.4.0
6900f000-69012000 ---p 00000000 00:00 0 
69012000-69060000 rw-p 00000000 00:00 0          [stack:5969]
69060000-69061000 ---p 00000000 00:00 0 
69061000-69161000 rw-p 00000000 00:00 0          [stack:5968]
69161000-6d162000 rw-s 00000000 00:12 121946     /run/shm/pulse-shm-2382842990
6d162000-6d163000 ---p 00000000 00:00 0 
6d163000-6d963000 rw-p 00000000 00:00 0          [stack:5967]
6d963000-6d976000 r-xp 00000000 08:05 131833     /lib/i386-linux-gnu/libresolv-2.15.so
6d976000-6d977000 ---p 00013000 08:05 131833     /lib/i386-linux-gnu/libresolv-2.15.so
6d977000-6d978000 r--p 00013000 08:05 131833     /lib/i386-linux-gnu/libresolv-2.15.so
6d978000-6d979000 rw-p 00014000 08:05 131833     /lib/i386-linux-gnu/libresolv-2.15.so
6d979000-6d97b000 rw-p 00000000 00:00 0 
6d97b000-6dae1000 r-xp 00000000 08:05 396986     /usr/lib/i386-linux-gnu/libvorbisenc.so.2.0.8
6dae1000-6daf2000 r--p 00165000 08:05 396986     /usr/lib/i386-linux-gnu/libvorbisenc.so.2.0.8
6daf2000-6daf3000 rw-p 00176000 08:05 396986     /usr/lib/i386-linux-gnu/libvorbisenc.so.2.0.8
6daf3000-6db3f000 r-xp 00000000 08:05 396347     /usr/lib/i386-linux-gnu/libFLAC.so.8.2.0
6db3f000-6db40000 r--p 0004b000 08:05 396347     /usr/lib/i386-linux-gnu/libFLAC.so.8.2.0
6db40000-6db41000 rw-p 0004c000 08:05 396347     /usr/lib/i386-linux-gnu/libFLAC.so.8.2.0
6db41000-6dbad000 r-xp 00000000 08:05 396926     /usr/lib/i386-linux-gnu/libsndfile.so.1.0.25
6dbad000-6dbae000 r--p 0006c000 08:05 396926     /usr/lib/i386-linux-gnu/libsndfile.so.1.0.25
6dbae000-6dbaf000 rw-p 0006d000 08:05 396926     /usr/lib/i386-linux-gnu/libsndfile.so.1.0.25
6dbaf000-6dbb3000 rw-p 00000000 00:00 0 
6dbb3000-6dbfa000 r-xp 00000000 08:05 131761     /lib/i386-linux-gnu/libdbus-1.so.3.5.8
6dbfa000-6dbfb000 r--p 00047000 08:05 131761     /lib/i386-linux-gnu/libdbus-1.so.3.5.8
6dbfb000-6dbfc000 rw-p 00048000 08:05 131761     /lib/i386-linux-gnu/libdbus-1.so.3.5.8
6dbfc000-6dc5f000 r-xp 00000000 08:05 396889     /usr/lib/i386-linux-gnu/libpulsecommon-1.1.so
6dc5f000-6dc60000 r--p 00062000 08:05 396889     /usr/lib/i386-linux-gnu/libpulsecommon-1.1.so
6dc60000-6dc61000 rw-p 00063000 08:05 396889     /usr/lib/i386-linux-gnu/libpulsecommon-1.1.so
6dc61000-6dcad000 r-xp 00000000 08:05 396888     /usr/lib/i386-linux-gnu/libpulse.so.0.13.5
6dcad000-6dcae000 r--p 0004b000 08:05 396888     /usr/lib/i386-linux-gnu/libpulse.so.0.13.5
6dcae000-6dcaf000 rw-p 0004c000 08:05 396888     /usr/lib/i386-linux-gnu/libpulse.so.0.13.5
6dcaf000-6dcfd000 r-xp 00000000 08:05 54553      /tmp/libgdxjanno/417985b7/libopenal.so
6dcfd000-6dcff000 r--p 0004d000 08:05 54553      /tmp/libgdxjanno/417985b7/libopenal.so
6dcff000-6dd00000 rw-p 0004f000 08:05 54553      /tmp/libgdxjanno/417985b7/libopenal.so
6dd00000-6dd5b000 r-xp 00000000 08:05 54552      /tmp/libgdxjanno/417985b7/liblwjgl.so (deleted)
6dd5b000-6dd5c000 ---p 0005b000 08:05 54552      /tmp/libgdxjanno/417985b7/liblwjgl.so (deleted)
6dd5c000-6dd5d000 r--p 0005b000 08:05 54552      /tmp/libgdxjanno/417985b7/liblwjgl.so (deleted)
6dd5d000-6dd5e000 rw-p 0005c000 08:05 54552      /tmp/libgdxjanno/417985b7/liblwjgl.so (deleted)
6dd5e000-6dd61000 ---p 00000000 00:00 0 
6dd61000-6ddaf000 rw-p 00000000 00:00 0          [stack:5965]
6ddaf000-6ddb2000 ---p 00000000 00:00 0 
6ddb2000-6de00000 rw-p 00000000 00:00 0          [stack:5964]
6de00000-6defa000 rw-p 00000000 00:00 0 
6defa000-6df00000 ---p 00000000 00:00 0 
6df00000-6df09000 r-xp 00000000 08:05 396857     /usr/lib/i386-linux-gnu/libpciaccess.so.0.11.0
6df09000-6df0a000 r--p 00008000 08:05 396857     /usr/lib/i386-linux-gnu/libpciaccess.so.0.11.0
6df0a000-6df0b000 rw-p 00009000 08:05 396857     /usr/lib/i386-linux-gnu/libpciaccess.so.0.11.0
6df0b000-6df34000 r-xp 00000000 08:05 396984     /usr/lib/i386-linux-gnu/libvorbis.so.0.4.5
6df34000-6df35000 r--p 00028000 08:05 396984     /usr/lib/i386-linux-gnu/libvorbis.so.0.4.5
6df35000-6df36000 rw-p 00029000 08:05 396984     /usr/lib/i386-linux-gnu/libvorbis.so.0.4.5
6df36000-6e066000 r-xp 00000000 08:05 396400     /usr/lib/i386-linux-gnu/libX11.so.6.3.0
6e066000-6e067000 r--p 0012f000 08:05 396400     /usr/lib/i386-linux-gnu/libX11.so.6.3.0
6e067000-6e069000 rw-p 00130000 08:05 396400     /usr/lib/i386-linux-gnu/libX11.so.6.3.0
6e069000-6e06a000 rw-p 00000000 00:00 0 
6e06a000-6e0f0000 r-xp 00000000 08:05 439388     /usr/lib/jvm/java-7-oracle/jre/lib/i386/libawt.so
6e0f0000-6e0f7000 rw-p 00086000 08:05 439388     /usr/lib/jvm/java-7-oracle/jre/lib/i386/libawt.so
6e0f7000-6e11b000 rw-p 00000000 00:00 0 
6e11b000-6e1f3000 r-xp 00000000 08:05 396948     /usr/lib/i386-linux-gnu/libstdc++.so.6.0.16
6e1f3000-6e1f4000 ---p 000d8000 08:05 396948     /usr/lib/i386-linux-gnu/libstdc++.so.6.0.16
6e1f4000-6e1f8000 r--p 000d8000 08:05 396948     /usr/lib/i386-linux-gnu/libstdc++.so.6.0.16
6e1f8000-6e1f9000 rw-p 000dc000 08:05 396948     /usr/lib/i386-linux-gnu/libstdc++.so.6.0.16
6e1f9000-6e200000 rw-p 00000000 00:00 0 
6e200000-6e2fb000 rw-p 00000000 00:00 0 
6e2fb000-6e300000 ---p 00000000 00:00 0 
6e304000-6e30a000 r-xp 00000000 08:05 396831     /usr/lib/i386-linux-gnu/libogg.so.0.7.1
6e30a000-6e30b000 r--p 00005000 08:05 396831     /usr/lib/i386-linux-gnu/libogg.so.0.7.1
6e30b000-6e30c000 rw-p 00006000 08:05 396831     /usr/lib/i386-linux-gnu/libogg.so.0.7.1
6e30c000-6e311000 r-xp 00000000 08:05 396463     /usr/lib/i386-linux-gnu/libasyncns.so.0.3.1
6e311000-6e312000 r--p 00004000 08:05 396463     /usr/lib/i386-linux-gnu/libasyncns.so.0.3.1
6e312000-6e313000 rw-p 00005000 08:05 396463     /usr/lib/i386-linux-gnu/libasyncns.so.0.3.1
6e313000-6e31b000 r-xp 00000000 08:05 131858     /lib/i386-linux-gnu/libwrap.so.0.7.6
6e31b000-6e31c000 r--p 00007000 08:05 131858     /lib/i386-linux-gnu/libwrap.so.0.7.6
6e31c000-6e31d000 rw-p 00008000 08:05 131858     /lib/i386-linux-gnu/libwrap.so.0.7.6
6e31d000-6e33c000 r-xp 00000000 08:05 397021     /usr/lib/i386-linux-gnu/libxcb.so.1.1.0
6e33c000-6e33d000 r--p 0001f000 08:05 397021     /usr/lib/i386-linux-gnu/libxcb.so.1.1.0
6e33d000-6e33e000 rw-p 00020000 08:05 397021     /usr/lib/i386-linux-gnu/libxcb.so.1.1.0
6e33e000-6e387000 r-xp 00000000 08:05 439358     /usr/lib/jvm/java-7-oracle/jre/lib/i386/xawt/libmawt.so
6e387000-6e389000 rw-p 00049000 08:05 439358     /usr/lib/jvm/java-7-oracle/jre/lib/i386/xawt/libmawt.so
6e389000-6e38a000 rw-p 00000000 00:00 0 
6e38a000-6e3fc000 r-xp 00000000 08:05 60807      /tmp/libgdxjanno/2535ec09/libgdx.so
6e3fc000-6e3fd000 r--p 00072000 08:05 60807      /tmp/libgdxjanno/2535ec09/libgdx.so
6e3fd000-6e3fe000 rw-p 00073000 08:05 60807      /tmp/libgdxjanno/2535ec09/libgdx.so
6e3fe000-6e3ff000 ---p 00000000 00:00 0 
6e3ff000-6e47f000 rw-p 00000000 00:00 0          [stack:5963]
6e47f000-6e482000 ---p 00000000 00:00 0 
6e482000-6e500000 rw-p 00000000 00:00 0          [stack:5961]
6e500000-6e700000 r--p 00000000 08:05 400629     /usr/lib/locale/locale-archive
6e700000-6e721000 rw-p 00000000 00:00 0 
6e721000-6e800000 ---p 00000000 00:00 0 
6e806000-6e80c000 r-xp 00000000 08:05 396766     /usr/lib/i386-linux-gnu/libjson.so.0.0.1
6e80c000-6e80d000 r--p 00005000 08:05 396766     /usr/lib/i386-linux-gnu/libjson.so.0.0.1
6e80d000-6e80e000 rw-p 00006000 08:05 396766     /usr/lib/i386-linux-gnu/libjson.so.0.0.1
6e80e000-6e812000 r-xp 00000000 08:05 396445     /usr/lib/i386-linux-gnu/libXxf86vm.so.1.0.0
6e812000-6e813000 r--p 00003000 08:05 396445     /usr/lib/i386-linux-gnu/libXxf86vm.so.1.0.0
6e813000-6e814000 rw-p 00004000 08:05 396445     /usr/lib/i386-linux-gnu/libXxf86vm.so.1.0.0
6e814000-6e81b000 r-xp 00000000 08:05 396433     /usr/lib/i386-linux-gnu/libXrandr.so.2.2.0
6e81b000-6e81c000 r--p 00006000 08:05 396433     /usr/lib/i386-linux-gnu/libXrandr.so.2.2.0
6e81c000-6e81d000 rw-p 00007000 08:05 396433     /usr/lib/i386-linux-gnu/libXrandr.so.2.2.0
6e81d000-6e82c000 r-xp 00000000 08:05 396421     /usr/lib/i386-linux-gnu/libXi.so.6.1.0
6e82c000-6e82d000 r--p 0000e000 08:05 396421     /usr/lib/i386-linux-gnu/libXi.so.6.1.0
6e82d000-6e82e000 rw-p 0000f000 08:05 396421     /usr/lib/i386-linux-gnu/libXi.so.6.1.0
6e82e000-6e831000 ---p 00000000 00:00 0 
6e831000-6e87f000 rw-p 00000000 00:00 0          [stack:5962]
6e87f000-6e882000 ---p 00000000 00:00 0 
6e882000-6e900000 rw-p 00000000 00:00 0          [stack:5960]
6e900000-6e9fa000 rw-p 00000000 00:00 0 
6e9fa000-6ea00000 ---p 00000000 00:00 0 
6ea05000-6ea0e000 r-xp 00000000 08:05 396409     /usr/lib/i386-linux-gnu/libXcursor.so.1.0.2
6ea0e000-6ea0f000 r--p 00008000 08:05 396409     /usr/lib/i386-linux-gnu/libXcursor.so.1.0.2
6ea0f000-6ea10000 rw-p 00009000 08:05 396409     /usr/lib/i386-linux-gnu/libXcursor.so.1.0.2
6ea10000-6ea2c000 r-xp 00000000 08:05 131770     /lib/i386-linux-gnu/libgcc_s.so.1
6ea2c000-6ea2d000 r--p 0001b000 08:05 131770     /lib/i386-linux-gnu/libgcc_s.so.1
6ea2d000-6ea2e000 rw-p 0001c000 08:05 131770     /lib/i386-linux-gnu/libgcc_s.so.1
6ea2e000-6ea31000 ---p 00000000 00:00 0 
6ea31000-6ea7f000 rw-p 00000000 00:00 0          [stack:5959]
6ea7f000-6ea80000 ---p 00000000 00:00 0 
6ea80000-6eb00000 rw-p 00000000 00:00 0          [stack:5956]
6eb00000-6ebfa000 rw-p 00000000 00:00 0 
6ebfa000-6ec00000 ---p 00000000 00:00 0 
6ec01000-6ec06000 r-xp 00000000 08:05 396413     /usr/lib/i386-linux-gnu/libXdmcp.so.6.0.0
6ec06000-6ec07000 r--p 00004000 08:05 396413     /usr/lib/i386-linux-gnu/libXdmcp.so.6.0.0
6ec07000-6ec08000 rw-p 00005000 08:05 396413     /usr/lib/i386-linux-gnu/libXdmcp.so.6.0.0
6ec08000-6ec18000 r-xp 00000000 08:05 396415     /usr/lib/i386-linux-gnu/libXext.so.6.4.0
6ec18000-6ec19000 r--p 0000f000 08:05 396415     /usr/lib/i386-linux-gnu/libXext.so.6.4.0
6ec19000-6ec1a000 rw-p 00010000 08:05 396415     /usr/lib/i386-linux-gnu/libXext.so.6.4.0
6ec1a000-6ec1d000 ---p 00000000 00:00 0 
6ec1d000-6ec6b000 rw-p 00000000 00:00 0          [stack:5958]
6ec6b000-6ee28000 r--s 039bf000 08:05 438862     /usr/lib/jvm/java-7-oracle/jre/lib/rt.jar
6ee28000-71300000 rw-p 00000000 00:00 0 
71300000-713ff000 rw-p 00000000 00:00 0 
713ff000-71400000 ---p 00000000 00:00 0 
71400000-71404000 r-xp 00000000 08:05 396417     /usr/lib/i386-linux-gnu/libXfixes.so.3.1.0
71404000-71405000 r--p 00004000 08:05 396417     /usr/lib/i386-linux-gnu/libXfixes.so.3.1.0
71405000-71406000 rw-p 00005000 08:05 396417     /usr/lib/i386-linux-gnu/libXfixes.so.3.1.0
71406000-7140b000 r-xp 00000000 08:05 396441     /usr/lib/i386-linux-gnu/libXtst.so.6.1.0
7140b000-7140c000 r--p 00004000 08:05 396441     /usr/lib/i386-linux-gnu/libXtst.so.6.1.0
7140c000-7140d000 rw-p 00005000 08:05 396441     /usr/lib/i386-linux-gnu/libXtst.so.6.1.0
7140e000-71411000 r-xp 00000000 08:05 397007     /usr/lib/i386-linux-gnu/libxcb-dri2.so.0.0.0
71411000-71412000 r--p 00003000 08:05 397007     /usr/lib/i386-linux-gnu/libxcb-dri2.so.0.0.0
71412000-71413000 rw-p 00004000 08:05 397007     /usr/lib/i386-linux-gnu/libxcb-dri2.so.0.0.0
71413000-71414000 r-xp 00000000 08:05 396398     /usr/lib/i386-linux-gnu/libX11-xcb.so.1.0.0
71414000-71415000 r--p 00000000 08:05 396398     /usr/lib/i386-linux-gnu/libX11-xcb.so.1.0.0
71415000-71416000 rw-p 00001000 08:05 396398     /usr/lib/i386-linux-gnu/libX11-xcb.so.1.0.0
71416000-7141d000 r--s 00000000 08:05 397339     /usr/lib/i386-linux-gnu/gconv/gconv-modules.cache
7141d000-7142e000 r--s 0012b000 08:05 54347      /home/janno/projects/MegaFoxHunt/megafoxrun-desktop/libs/gdx-backend-lwjgl.jar
7142e000-71431000 ---p 00000000 00:00 0 
71431000-7147f000 rw-p 00000000 00:00 0          [stack:5957]
7147f000-71480000 ---p 00000000 00:00 0 
71480000-71500000 rw-p 00000000 00:00 0          [stack:5955]
71500000-71521000 rw-p 00000000 00:00 0 
71521000-71600000 ---p 00000000 00:00 0 
71600000-71621000 rw-p 00000000 00:00 0 
71621000-71700000 ---p 00000000 00:00 0 
71700000-71702000 r-xp 00000000 08:05 396411     /usr/lib/i386-linux-gnu/libXdamage.so.1.1.0
71702000-71703000 r--p 00001000 08:05 396411     /usr/lib/i386-linux-gnu/libXdamage.so.1.1.0
71703000-71704000 rw-p 00002000 08:05 396411     /usr/lib/i386-linux-gnu/libXdamage.so.1.1.0
71704000-7170c000 r-xp 00000000 08:05 396437     /usr/lib/i386-linux-gnu/libXrender.so.1.3.0
7170c000-7170d000 r--p 00007000 08:05 396437     /usr/lib/i386-linux-gnu/libXrender.so.1.3.0
7170d000-7170e000 rw-p 00008000 08:05 396437     /usr/lib/i386-linux-gnu/libXrender.so.1.3.0
7170e000-71724000 r--s 00154000 08:05 54364      /home/janno/projects/MegaFoxHunt/megafoxrun/libs/gdx.jar
71724000-7177f000 rw-p 00000000 00:00 0 
7177f000-71780000 ---p 00000000 00:00 0 
71780000-71800000 rw-p 00000000 00:00 0          [stack:5954]
71800000-71821000 rw-p 00000000 00:00 0 
71821000-71900000 ---p 00000000 00:00 0 
71900000-71901000 rw-s 00000000 00:04 120193     /drm mm object (deleted)
71901000-71903000 r-xp 00000000 08:05 396402     /usr/lib/i386-linux-gnu/libXau.so.6.0.0
71903000-71904000 r--p 00001000 08:05 396402     /usr/lib/i386-linux-gnu/libXau.so.6.0.0
71904000-71905000 rw-p 00002000 08:05 396402     /usr/lib/i386-linux-gnu/libXau.so.6.0.0
71905000-71969000 rw-p 00000000 00:00 0 
71969000-7196a000 ---p 00000000 00:00 0 
7196a000-719ea000 rw-p 00000000 00:00 0          [stack:5953]
719ea000-719eb000 ---p 00000000 00:00 0 
719eb000-71a80000 rw-p 00000000 00:00 0          [stack:5952]
71a80000-71bb3000 rw-p 00000000 00:00 0 
71bb3000-71bbb000 rw-p 00000000 00:00 0 
71bbb000-71bd3000 rw-p 00000000 00:00 0 
71bd3000-71be8000 rw-p 00000000 00:00 0 
71be8000-71d1b000 rw-p 00000000 00:00 0 
71d1b000-71d26000 rw-p 00000000 00:00 0 
71d26000-71dbf000 rw-p 00000000 00:00 0 
71dbf000-72dc0000 rw-p 00000000 00:00 0 
72dc0000-75dc0000 rw-p 00000000 00:00 0 
75dc0000-786c0000 rw-p 00000000 00:00 0 
786c0000-9edc0000 rw-p 00000000 00:00 0 
9edc0000-a0240000 rw-p 00000000 00:00 0 
a0240000-b35c0000 rw-p 00000000 00:00 0 
b35c0000-b35c1000 rw-s 00000000 00:04 121990     /drm mm object (deleted)
b35c1000-b35c2000 r-xp 00000000 08:05 439366     /usr/lib/jvm/java-7-oracle/jre/lib/i386/libjawt.so
b35c2000-b35c3000 rw-p 00000000 08:05 439366     /usr/lib/jvm/java-7-oracle/jre/lib/i386/libjawt.so
b35c3000-b35c5000 r--s 001a1000 08:05 54345      /home/janno/projects/MegaFoxHunt/megafoxrun-desktop/libs/gdx-backend-lwjgl-natives.jar
b35c5000-b35cd000 rw-p 00000000 00:00 0 
b35cd000-b35e5000 rw-p 00000000 00:00 0 
b35e5000-b35ee000 rw-p 00000000 00:00 0 
b35ee000-b36a5000 rw-p 00000000 00:00 0 
b36a5000-b38e5000 rwxp 00000000 00:00 0 
b38e5000-b66a5000 rw-p 00000000 00:00 0 
b66a5000-b66bc000 r-xp 00000000 08:05 439340     /usr/lib/jvm/java-7-oracle/jre/lib/i386/libzip.so
b66bc000-b66bd000 rw-p 00017000 08:05 439340     /usr/lib/jvm/java-7-oracle/jre/lib/i386/libzip.so
b66bd000-b66c8000 r-xp 00000000 08:05 131800     /lib/i386-linux-gnu/libnss_files-2.15.so
b66c8000-b66c9000 r--p 0000a000 08:05 131800     /lib/i386-linux-gnu/libnss_files-2.15.so
b66c9000-b66ca000 rw-p 0000b000 08:05 131800     /lib/i386-linux-gnu/libnss_files-2.15.so
b66ca000-b66d4000 r-xp 00000000 08:05 131804     /lib/i386-linux-gnu/libnss_nis-2.15.so
b66d4000-b66d5000 r--p 00009000 08:05 131804     /lib/i386-linux-gnu/libnss_nis-2.15.so
b66d5000-b66d6000 rw-p 0000a000 08:05 131804     /lib/i386-linux-gnu/libnss_nis-2.15.so
b66d6000-b66ec000 r-xp 00000000 08:05 131794     /lib/i386-linux-gnu/libnsl-2.15.so
b66ec000-b66ed000 r--p 00015000 08:05 131794     /lib/i386-linux-gnu/libnsl-2.15.so
b66ed000-b66ee000 rw-p 00016000 08:05 131794     /lib/i386-linux-gnu/libnsl-2.15.so
b66ee000-b66f0000 rw-p 00000000 00:00 0 
b66f0000-b66f1000 rwxp 00000000 00:00 0 
b66f1000-b66f8000 r--s 0004c000 08:05 442824     /home/janno/projects/MegaFoxHunt/ServerClientShared/libs/kryonet-2.21-all.jar
b66f8000-b6700000 rw-s 00000000 08:05 54494      /tmp/hsperfdata_janno/5946
b6700000-b67f6000 rw-p 00000000 00:00 0 
b67f6000-b6800000 ---p 00000000 00:00 0 
b6800000-b6807000 r-xp 00000000 08:05 131796     /lib/i386-linux-gnu/libnss_compat-2.15.so
b6807000-b6808000 r--p 00006000 08:05 131796     /lib/i386-linux-gnu/libnss_compat-2.15.so
b6808000-b6809000 rw-p 00007000 08:05 131796     /lib/i386-linux-gnu/libnss_compat-2.15.so
b6809000-b682c000 r-xp 00000000 08:05 439331     /usr/lib/jvm/java-7-oracle/jre/lib/i386/libjava.so
b682c000-b682d000 rw-p 00022000 08:05 439331     /usr/lib/jvm/java-7-oracle/jre/lib/i386/libjava.so
b682d000-b6834000 r-xp 00000000 08:05 131835     /lib/i386-linux-gnu/librt-2.15.so
b6834000-b6835000 r--p 00006000 08:05 131835     /lib/i386-linux-gnu/librt-2.15.so
b6835000-b6836000 rw-p 00007000 08:05 131835     /lib/i386-linux-gnu/librt-2.15.so
b6836000-b6839000 ---p 00000000 00:00 0 
b6839000-b6887000 rw-p 00000000 00:00 0          [stack:5951]
b6887000-b68b1000 r-xp 00000000 08:05 131781     /lib/i386-linux-gnu/libm-2.15.so
b68b1000-b68b2000 r--p 00029000 08:05 131781     /lib/i386-linux-gnu/libm-2.15.so
b68b2000-b68b3000 rw-p 0002a000 08:05 131781     /lib/i386-linux-gnu/libm-2.15.so
b68b3000-b712a000 r-xp 00000000 08:05 439393     /usr/lib/jvm/java-7-oracle/jre/lib/i386/server/libjvm.so
b712a000-b718e000 rw-p 00877000 08:05 439393     /usr/lib/jvm/java-7-oracle/jre/lib/i386/server/libjvm.so
b718e000-b75b2000 rw-p 00000000 00:00 0 
b75b2000-b7756000 r-xp 00000000 08:05 131749     /lib/i386-linux-gnu/libc-2.15.so
b7756000-b7758000 r--p 001a4000 08:05 131749     /lib/i386-linux-gnu/libc-2.15.so
b7758000-b7759000 rw-p 001a6000 08:05 131749     /lib/i386-linux-gnu/libc-2.15.so
b7759000-b775c000 rw-p 00000000 00:00 0 
b775c000-b775f000 r-xp 00000000 08:05 131762     /lib/i386-linux-gnu/libdl-2.15.so
b775f000-b7760000 r--p 00002000 08:05 131762     /lib/i386-linux-gnu/libdl-2.15.so
b7760000-b7761000 rw-p 00003000 08:05 131762     /lib/i386-linux-gnu/libdl-2.15.so
b7761000-b7774000 r-xp 00000000 08:05 542134     /usr/lib/jvm/java-7-oracle/lib/i386/jli/libjli.so
b7774000-b7775000 rw-p 00012000 08:05 542134     /usr/lib/jvm/java-7-oracle/lib/i386/jli/libjli.so
b7775000-b7776000 rw-p 00000000 00:00 0 
b7776000-b778d000 r-xp 00000000 08:05 131829     /lib/i386-linux-gnu/libpthread-2.15.so
b778d000-b778e000 r--p 00016000 08:05 131829     /lib/i386-linux-gnu/libpthread-2.15.so
b778e000-b778f000 rw-p 00017000 08:05 131829     /lib/i386-linux-gnu/libpthread-2.15.so
b778f000-b7791000 rw-p 00000000 00:00 0 
b7791000-b7792000 r--s 00127000 08:05 54348      /home/janno/projects/MegaFoxHunt/megafoxrun-desktop/libs/gdx-natives.jar
b7792000-b7793000 r--p 005e0000 08:05 400629     /usr/lib/locale/locale-archive
b7793000-b7794000 rw-p 00000000 00:00 0 
b7794000-b7795000 r--p 00000000 00:00 0 
b7795000-b77a0000 r-xp 00000000 08:05 439353     /usr/lib/jvm/java-7-oracle/jre/lib/i386/libverify.so
b77a0000-b77a1000 rw-p 0000b000 08:05 439353     /usr/lib/jvm/java-7-oracle/jre/lib/i386/libverify.so
b77a1000-b77a3000 rw-p 00000000 00:00 0 
b77a3000-b77a4000 r-xp 00000000 00:00 0          [vdso]
b77a4000-b77c4000 r-xp 00000000 08:05 131729     /lib/i386-linux-gnu/ld-2.15.so
b77c4000-b77c5000 r--p 0001f000 08:05 131729     /lib/i386-linux-gnu/ld-2.15.so
b77c5000-b77c6000 rw-p 00020000 08:05 131729     /lib/i386-linux-gnu/ld-2.15.so
bf989000-bf9aa000 rw-p 00000000 00:00 0          [stack]

VM Arguments:
jvm_args: -Dfile.encoding=UTF-8 
java_command: net.megafoxrun.game.Main
Launcher Type: SUN_STANDARD

Environment Variables:
PATH=/usr/lib/lightdm/lightdm:/usr/local/sbin:/usr/local/bin:/usr/sbin:/usr/bin:/sbin:/bin:/usr/games:/opt/android-sdk-linux/tools:/opt/android-sdk-linux/platform-tools:/opt/android-sdk-linux/tools:/opt/android-sdk-linux/platform-tools:/opt/android-sdk-linux/tools:/opt/android-sdk-linux/platform-tools:/home/janno/.rvm/bin
LD_LIBRARY_PATH=/usr/lib/jvm/java-7-oracle/jre/lib/i386/server:/usr/lib/jvm/java-7-oracle/jre/lib/i386:/usr/lib/jvm/java-7-oracle/jre/../lib/i386:/usr/lib/jvm/java-7-oracle/jre/lib/i386/client:/usr/lib/jvm/java-7-oracle/jre/lib/i386:
SHELL=/bin/bash
DISPLAY=:0.0

Signal Handlers:
SIGSEGV: [libjvm.so+0x7dd5e0], sa_mask[0]=0x7ffbfeff, sa_flags=0x10000004
SIGBUS: [libjvm.so+0x7dd5e0], sa_mask[0]=0x7ffbfeff, sa_flags=0x10000004
SIGFPE: [libjvm.so+0x678d60], sa_mask[0]=0x7ffbfeff, sa_flags=0x10000004
SIGPIPE: [libjvm.so+0x678d60], sa_mask[0]=0x7ffbfeff, sa_flags=0x10000004
SIGXFSZ: [libjvm.so+0x678d60], sa_mask[0]=0x7ffbfeff, sa_flags=0x10000004
SIGILL: [libjvm.so+0x678d60], sa_mask[0]=0x7ffbfeff, sa_flags=0x10000004
SIGUSR1: SIG_DFL, sa_mask[0]=0x00000000, sa_flags=0x00000000
SIGUSR2: [libjvm.so+0x67a250], sa_mask[0]=0x00000004, sa_flags=0x10000004
SIGHUP: [libjvm.so+0x67b3a0], sa_mask[0]=0x7ffbfeff, sa_flags=0x10000004
SIGINT: [libjvm.so+0x67b3a0], sa_mask[0]=0x7ffbfeff, sa_flags=0x10000004
SIGTERM: [libjvm.so+0x67b3a0], sa_mask[0]=0x7ffbfeff, sa_flags=0x10000004
SIGQUIT: [libjvm.so+0x67b3a0], sa_mask[0]=0x7ffbfeff, sa_flags=0x10000004


---------------  S Y S T E M  ---------------

OS:wheezy/sid

uname:Linux 3.11.0-15-generic #25~precise1-Ubuntu SMP Thu Jan 30 17:42:40 UTC 2014 i686
libc:glibc 2.15 NPTL 2.15 
rlimit: STACK 8192k, CORE 0k, NPROC 31345, NOFILE 4096, AS infinity
load average:0.48 0.60 0.76

/proc/meminfo:
MemTotal:        4029812 kB
MemFree:          390148 kB
Buffers:           85112 kB
Cached:          2214096 kB
SwapCached:            0 kB
Active:          2099564 kB
Inactive:        1405460 kB
Active(anon):    1208084 kB
Inactive(anon):   373772 kB
Active(file):     891480 kB
Inactive(file):  1031688 kB
Unevictable:           0 kB
Mlocked:               0 kB
HighTotal:       3183656 kB
HighFree:          40008 kB
LowTotal:         846156 kB
LowFree:          350140 kB
SwapTotal:       4092924 kB
SwapFree:        4092924 kB
Dirty:              2980 kB
Writeback:             0 kB
AnonPages:       1206212 kB
Mapped:           274964 kB
Shmem:            375824 kB
Slab:              87700 kB
SReclaimable:      66792 kB
SUnreclaim:        20908 kB
KernelStack:        4784 kB
PageTables:        11176 kB
NFS_Unstable:          0 kB
Bounce:                0 kB
WritebackTmp:          0 kB
CommitLimit:     6107828 kB
Committed_AS:    4940300 kB
VmallocTotal:     122880 kB
VmallocUsed:       18140 kB
VmallocChunk:     101880 kB
HardwareCorrupted:     0 kB
AnonHugePages:         0 kB
HugePages_Total:       0
HugePages_Free:        0
HugePages_Rsvd:        0
HugePages_Surp:        0
Hugepagesize:       2048 kB
DirectMap4k:       12280 kB
DirectMap2M:      899072 kB


CPU:total 4 (2 cores per cpu, 2 threads per core) family 6 model 42 stepping 7, cmov, cx8, fxsr, mmx, sse, sse2, sse3, ssse3, sse4.1, sse4.2, popcnt, avx, aes, ht, tsc, tscinvbit

/proc/cpuinfo:
processor	: 0
vendor_id	: GenuineIntel
cpu family	: 6
model		: 42
model name	: Intel(R) Core(TM) i7-2677M CPU @ 1.80GHz
stepping	: 7
microcode	: 0x1a
cpu MHz		: 800.000
cache size	: 4096 KB
physical id	: 0
siblings	: 4
core id		: 0
cpu cores	: 2
apicid		: 0
initial apicid	: 0
fdiv_bug	: no
f00f_bug	: no
coma_bug	: no
fpu		: yes
fpu_exception	: yes
cpuid level	: 13
wp		: yes
flags		: fpu vme de pse tsc msr pae mce cx8 apic sep mtrr pge mca cmov pat pse36 clflush dts acpi mmx fxsr sse sse2 ss ht tm pbe nx rdtscp lm constant_tsc arch_perfmon pebs bts xtopology nonstop_tsc aperfmperf eagerfpu pni pclmulqdq dtes64 monitor ds_cpl vmx smx est tm2 ssse3 cx16 xtpr pdcm pcid sse4_1 sse4_2 x2apic popcnt tsc_deadline_timer aes xsave avx lahf_lm ida arat epb xsaveopt pln pts dtherm tpr_shadow vnmi flexpriority ept vpid
bogomips	: 3591.59
clflush size	: 64
cache_alignment	: 64
address sizes	: 36 bits physical, 48 bits virtual
power management:

processor	: 1
vendor_id	: GenuineIntel
cpu family	: 6
model		: 42
model name	: Intel(R) Core(TM) i7-2677M CPU @ 1.80GHz
stepping	: 7
microcode	: 0x1a
cpu MHz		: 1801.000
cache size	: 4096 KB
physical id	: 0
siblings	: 4
core id		: 1
cpu cores	: 2
apicid		: 2
initial apicid	: 2
fdiv_bug	: no
f00f_bug	: no
coma_bug	: no
fpu		: yes
fpu_exception	: yes
cpuid level	: 13
wp		: yes
flags		: fpu vme de pse tsc msr pae mce cx8 apic sep mtrr pge mca cmov pat pse36 clflush dts acpi mmx fxsr sse sse2 ss ht tm pbe nx rdtscp lm constant_tsc arch_perfmon pebs bts xtopology nonstop_tsc aperfmperf eagerfpu pni pclmulqdq dtes64 monitor ds_cpl vmx smx est tm2 ssse3 cx16 xtpr pdcm pcid sse4_1 sse4_2 x2apic popcnt tsc_deadline_timer aes xsave avx lahf_lm ida arat epb xsaveopt pln pts dtherm tpr_shadow vnmi flexpriority ept vpid
bogomips	: 3591.59
clflush size	: 64
cache_alignment	: 64
address sizes	: 36 bits physical, 48 bits virtual
power management:

processor	: 2
vendor_id	: GenuineIntel
cpu family	: 6
model		: 42
model name	: Intel(R) Core(TM) i7-2677M CPU @ 1.80GHz
stepping	: 7
microcode	: 0x1a
cpu MHz		: 900.000
cache size	: 4096 KB
physical id	: 0
siblings	: 4
core id		: 0
cpu cores	: 2
apicid		: 1
initial apicid	: 1
fdiv_bug	: no
f00f_bug	: no
coma_bug	: no
fpu		: yes
fpu_exception	: yes
cpuid level	: 13
wp		: yes
flags		: fpu vme de pse tsc msr pae mce cx8 apic sep mtrr pge mca cmov pat pse36 clflush dts acpi mmx fxsr sse sse2 ss ht tm pbe nx rdtscp lm constant_tsc arch_perfmon pebs bts xtopology nonstop_tsc aperfmperf eagerfpu pni pclmulqdq dtes64 monitor ds_cpl vmx smx est tm2 ssse3 cx16 xtpr pdcm pcid sse4_1 sse4_2 x2apic popcnt tsc_deadline_timer aes xsave avx lahf_lm ida arat epb xsaveopt pln pts dtherm tpr_shadow vnmi flexpriority ept vpid
bogomips	: 3591.59
clflush size	: 64
cache_alignment	: 64
address sizes	: 36 bits physical, 48 bits virtual
power management:

processor	: 3
vendor_id	: GenuineIntel
cpu family	: 6
model		: 42
model name	: Intel(R) Core(TM) i7-2677M CPU @ 1.80GHz
stepping	: 7
microcode	: 0x1a
cpu MHz		: 1801.000
cache size	: 4096 KB
physical id	: 0
siblings	: 4
core id		: 1
cpu cores	: 2
apicid		: 3
initial apicid	: 3
fdiv_bug	: no
f00f_bug	: no
coma_bug	: no
fpu		: yes
fpu_exception	: yes
cpuid level	: 13
wp		: yes
flags		: fpu vme de pse tsc msr pae mce cx8 apic sep mtrr pge mca cmov pat pse36 clflush dts acpi mmx fxsr sse sse2 ss ht tm pbe nx rdtscp lm constant_tsc arch_perfmon pebs bts xtopology nonstop_tsc aperfmperf eagerfpu pni pclmulqdq dtes64 monitor ds_cpl vmx smx est tm2 ssse3 cx16 xtpr pdcm pcid sse4_1 sse4_2 x2apic popcnt tsc_deadline_timer aes xsave avx lahf_lm ida arat epb xsaveopt pln pts dtherm tpr_shadow vnmi flexpriority ept vpid
bogomips	: 3591.59
clflush size	: 64
cache_alignment	: 64
address sizes	: 36 bits physical, 48 bits virtual
power management:



Memory: 4k page, physical 4029812k(390148k free), swap 4092924k(4092924k free)

vm_info: Java HotSpot(TM) Server VM (24.51-b03) for linux-x86 JRE (1.7.0_51-b13), built on Dec 18 2013 18:45:30 by "java_re" with gcc 4.3.0 20080428 (Red Hat 4.3.0-8)

time: Tue Feb 18 17:46:12 2014
elapsed time: 1 seconds

